<?xml version="1.0" encoding="UTF-8"?>
<!-- Generated by org.testng.reporters.JUnitXMLReporter -->
<testsuite ignored="3" hostname="LAPTOP-0FD1O0AP" failures="1" tests="1" name="Default test(failed)" time="8.096" errors="0" timestamp="2023-01-06T13:15:38 IST">
  <testcase classname="com.qa.Tests.InventoryPageTest" name="verifyPriceDropdownLowToHigh" time="1.077">
    <failure type="java.lang.AssertionError" message="Lists differ at element [0]: 15.99 != 49.99 expected [15.99] but found [49.99]">
      <![CDATA[java.lang.AssertionError: Lists differ at element [0]: 15.99 != 49.99 expected [15.99] but found [49.99]
at com.qa.Tests.InventoryPageTest.verifyPriceDropdownLowToHigh(InventoryPageTest.java:53)
at java.base/java.util.ArrayList.forEach(ArrayList.java:1541)
... Removed 31 stack frames]]>
    </failure>
  </testcase> <!-- verifyPriceDropdownLowToHigh -->
  <testcase classname="com.qa.Tests.InventoryPageTest" name="verifyItemAddedToCart" time="0.0">
    <ignored/>
  </testcase> <!-- verifyItemAddedToCart -->
  <testcase classname="com.qa.Tests.InventoryPageTest" name="verifyCartCount" time="0.0">
    <ignored/>
  </testcase> <!-- verifyCartCount -->
  <testcase classname="com.qa.Tests.InventoryPageTest" name="verifyItemRemovesFromCart" time="0.0">
    <ignored/>
  </testcase> <!-- verifyItemRemovesFromCart -->
</testsuite> <!-- Default test(failed) -->
