<?xml version="1.0" encoding="UTF-8"?>
<!-- Generated by org.testng.reporters.JUnitXMLReporter -->
<testsuite ignored="0" hostname="LAPTOP-0FD1O0AP" failures="0" tests="14" name="Surefire test" time="274.812" errors="0" timestamp="2023-02-08T08:01:37 IST">
  <testcase classname="com.qa.Tests.InventoryPageTest" name="verifyCartCountTest" time="8.231"/>
  <testcase classname="com.qa.Tests.InventoryPageTest" name="verifyItemAddedToCartTest" time="0.807"/>
  <testcase classname="com.qa.Tests.InventoryPageTest" name="verifyItemRemovesFromCart" time="0.743"/>
  <testcase classname="com.qa.Tests.InventoryPageTest" name="verifyPriceLowToHighDropdownOptionTest" time="0.832"/>
  <testcase classname="com.qa.Tests.LoginPageTest" name="verifyBoatLogoTest" time="0.064"/>
  <testcase classname="com.qa.Tests.LoginPageTest" name="verifyErrorMessageForPassword" time="7.136"/>
  <testcase classname="com.qa.Tests.LoginPageTest" name="verifyErrorMessageForUsername" time="0.429"/>
  <testcase classname="com.qa.Tests.LoginPageTest" name="verifyErrorMessageForWrongCredentials" time="0.357"/>
  <testcase classname="com.qa.Tests.LoginPageTest" name="verifyLogin" time="3.059"/>
  <testcase classname="com.qa.Tests.LoginPageTest" name="verifyLoginPageTitle" time="0.187"/>
  <testcase classname="com.qa.Tests.LoginPageTest" name="verifyLoginPageURL" time="0.254"/>
  <testcase classname="com.qa.Tests.LoginPageTest" name="verifyUsername" time="0.176"/>
  <testcase classname="com.qa.Tests.LoginPageTest" name="verifyPassword" time="0.168"/>
  <testcase classname="com.qa.Tests.LoginPageTest" name="verifyLoginLogoTest" time="0.067"/>
</testsuite> <!-- Surefire test -->
