<?xml version="1.0" encoding="UTF-8"?>
<!-- Generated by org.testng.reporters.JUnitXMLReporter -->
<testsuite ignored="0" hostname="LAPTOP-0FD1O0AP" failures="0" tests="14" name="Surefire test" time="275.493" errors="0" timestamp="2023-02-11T16:31:10 IST">
  <testcase classname="com.qa.Tests.InventoryPageTest" name="verifyCartCountTest" time="9.234"/>
  <testcase classname="com.qa.Tests.InventoryPageTest" name="verifyItemAddedToCartTest" time="1.849"/>
  <testcase classname="com.qa.Tests.InventoryPageTest" name="verifyItemRemovesFromCart" time="6.103"/>
  <testcase classname="com.qa.Tests.InventoryPageTest" name="verifyPriceLowToHighDropdownOptionTest" time="2.498"/>
  <testcase classname="com.qa.Tests.LoginPageTest" name="verifyBoatLogoTest" time="0.073"/>
  <testcase classname="com.qa.Tests.LoginPageTest" name="verifyErrorMessageForPassword" time="11.464"/>
  <testcase classname="com.qa.Tests.LoginPageTest" name="verifyErrorMessageForUsername" time="0.603"/>
  <testcase classname="com.qa.Tests.LoginPageTest" name="verifyErrorMessageForWrongCredentials" time="0.682"/>
  <testcase classname="com.qa.Tests.LoginPageTest" name="verifyLogin" time="3.097"/>
  <testcase classname="com.qa.Tests.LoginPageTest" name="verifyLoginPageTitle" time="0.864"/>
  <testcase classname="com.qa.Tests.LoginPageTest" name="verifyLoginPageURL" time="0.241"/>
  <testcase classname="com.qa.Tests.LoginPageTest" name="verifyUsername" time="0.659"/>
  <testcase classname="com.qa.Tests.LoginPageTest" name="verifyPassword" time="0.249"/>
  <testcase classname="com.qa.Tests.LoginPageTest" name="verifyLoginLogoTest" time="0.067"/>
</testsuite> <!-- Surefire test -->
