<?xml version="1.0" encoding="UTF-8"?>
<!-- Generated by org.testng.reporters.JUnitXMLReporter -->
<testsuite ignored="0" hostname="Shivani" failures="0" tests="4" name="Default test" time="58.503" errors="0" timestamp="2023-02-09T12:46:36 IST">
  <testcase classname="com.qa.Tests.InventoryPageTest" name="verifyCartCountTest" time="1.925"/>
  <testcase classname="com.qa.Tests.InventoryPageTest" name="verifyItemAddedToCartTest" time="1.397"/>
  <testcase classname="com.qa.Tests.InventoryPageTest" name="verifyItemRemovesFromCart" time="1.83"/>
  <testcase classname="com.qa.Tests.InventoryPageTest" name="verifyPriceLowToHighDropdownOptionTest" time="2.405"/>
</testsuite> <!-- Default test -->
