<?xml version="1.0" encoding="UTF-8"?>
<testng-results ignored="9" total="10" passed="1" failed="0" skipped="0">
  <reporter-output>
  </reporter-output>
  <suite started-at="2023-02-11T17:18:56 IST" name="Default suite" finished-at="2023-02-11T17:19:42 IST" duration-ms="45236">
    <groups>
    </groups>
    <test started-at="2023-02-11T17:18:56 IST" name="Default test" finished-at="2023-02-11T17:19:42 IST" duration-ms="45236">
      <class name="com.qa.Tests.LoginPageTest">
        <test-method is-config="true" signature="setUpMethod()[pri:0, instance:com.qa.Tests.LoginPageTest@550ee7e5]" started-at="2023-02-11T17:18:56 IST" name="setUpMethod" finished-at="2023-02-11T17:19:31 IST" duration-ms="34232" status="PASS">
          <reporter-output>
          </reporter-output>
        </test-method> <!-- setUpMethod -->
        <test-method signature="verifyLogin()[pri:0, instance:com.qa.Tests.LoginPageTest@550ee7e5]" started-at="2023-02-11T17:19:31 IST" name="verifyLogin" finished-at="2023-02-11T17:19:36 IST" duration-ms="5710" status="PASS">
          <reporter-output>
          </reporter-output>
        </test-method> <!-- verifyLogin -->
        <test-method is-config="true" signature="tearDownMethod(org.testng.ITestResult)[pri:0, instance:com.qa.Tests.LoginPageTest@550ee7e5]" started-at="2023-02-11T17:19:36 IST" name="tearDownMethod" finished-at="2023-02-11T17:19:42 IST" duration-ms="5248" status="PASS">
          <params>
            <param index="0">
              <value>
                <![CDATA[[TestResult name=verifyLogin status=SUCCESS method=LoginPageTest.verifyLogin()[pri:0, instance:com.qa.Tests.LoginPageTest@550ee7e5] output={null}]]]>
              </value>
            </param>
          </params>
          <reporter-output>
          </reporter-output>
        </test-method> <!-- tearDownMethod -->
      </class> <!-- com.qa.Tests.LoginPageTest -->
    </test> <!-- Default test -->
  </suite> <!-- Default suite -->
</testng-results>
